<?xml version="1.0" encoding="UTF-8"?>
<!-- Generated by org.testng.reporters.JUnitReportReporter -->
<testsuite skipped="1" hostname="ATMECSINLT-711" name="com.atmecs.phptravels.testscripts.Chatbot" tests="1" failures="0" timestamp="29 Sep 2020 11:02:16 GMT" time="0.000" errors="0">
  <testcase name="startChat" time="0.000" classname="com.atmecs.phptravels.testscripts.Chatbot">
    <skipped/>
  </testcase> <!-- startChat -->
</testsuite> <!-- com.atmecs.phptravels.testscripts.Chatbot -->
