<?xml version="1.0" encoding="UTF-8"?>
<!-- Generated by org.testng.reporters.JUnitReportReporter -->
<testsuite skipped="0" hostname="ATMECSINLT-711" name="com.atmecs.phptravels.testscripts.ChatTest" tests="1" failures="0" timestamp="30 Sep 2020 07:22:10 GMT" time="20.807" errors="0">
  <testcase name="Chat" time="20.807" classname="com.atmecs.phptravels.testscripts.ChatTest"/>
</testsuite> <!-- com.atmecs.phptravels.testscripts.ChatTest -->
